\BOOKMARK [0][-]{chapter.1}{\376\377\0001\000\040\000H\000i\000e\000r\000a\000r\000c\000h\000i\000c\000a\000l\000\040\000I\000n\000d\000e\000x}{}% 1
\BOOKMARK [1][-]{section.1.1}{\376\377\0001\000.\0001\000\040\000C\000l\000a\000s\000s\000\040\000H\000i\000e\000r\000a\000r\000c\000h\000y}{chapter.1}% 2
\BOOKMARK [0][-]{chapter.2}{\376\377\0002\000\040\000C\000l\000a\000s\000s\000\040\000I\000n\000d\000e\000x}{}% 3
\BOOKMARK [1][-]{section.2.1}{\376\377\0002\000.\0001\000\040\000C\000l\000a\000s\000s\000\040\000L\000i\000s\000t}{chapter.2}% 4
\BOOKMARK [0][-]{chapter.3}{\376\377\0003\000\040\000C\000l\000a\000s\000s\000\040\000D\000o\000c\000u\000m\000e\000n\000t\000a\000t\000i\000o\000n}{}% 5
\BOOKMARK [1][-]{section.3.1}{\376\377\0003\000.\0001\000\040\000d\000e\000.\000f\000r\000a\000u\000n\000h\000o\000f\000e\000r\000.\000i\000o\000s\000b\000.\000t\000r\000u\000f\000f\000l\000e\000h\000o\000g\000.\000s\000e\000r\000v\000i\000c\000e\000.\000d\000a\000t\000a\000l\000o\000g\000g\000i\000n\000g\000.\000C\000o\000m\000m\000a\000n\000d\000C\000o\000m\000p\000r\000e\000s\000s\000o\000r\000\040\000C\000l\000a\000s\000s\000\040\000R\000e\000f\000e\000r\000e\000n\000c\000e}{chapter.3}% 6
\BOOKMARK [2][-]{subsection.3.1.1}{\376\377\0003\000.\0001\000.\0001\000\040\000D\000e\000t\000a\000i\000l\000e\000d\000\040\000D\000e\000s\000c\000r\000i\000p\000t\000i\000o\000n}{section.3.1}% 7
\BOOKMARK [2][-]{subsection.3.1.2}{\376\377\0003\000.\0001\000.\0002\000\040\000M\000e\000m\000b\000e\000r\000\040\000F\000u\000n\000c\000t\000i\000o\000n\000\040\000D\000o\000c\000u\000m\000e\000n\000t\000a\000t\000i\000o\000n}{section.3.1}% 8
\BOOKMARK [3][-]{subsubsection.3.1.2.1}{\376\377\0003\000.\0001\000.\0002\000.\0001\000\040\000c\000o\000m\000p\000r\000e\000s\000s\000C\000o\000m\000m\000a\000n\000d\000s\000\050\000L\000i\000s\000t\000<\000\040\000I\000C\000o\000m\000m\000a\000n\000d\000\040\000>\000\040\000c\000o\000m\000m\000a\000n\000d\000s\000\051}{subsection.3.1.2}% 9
\BOOKMARK [1][-]{section.3.2}{\376\377\0003\000.\0002\000\040\000d\000e\000.\000f\000r\000a\000u\000n\000h\000o\000f\000e\000r\000.\000i\000o\000s\000b\000.\000t\000r\000u\000f\000f\000l\000e\000h\000o\000g\000.\000s\000e\000r\000v\000i\000c\000e\000.\000d\000a\000t\000a\000l\000o\000g\000g\000i\000n\000g\000.\000C\000o\000m\000m\000a\000n\000d\000L\000o\000g\000g\000e\000r\000\040\000C\000l\000a\000s\000s\000\040\000R\000e\000f\000e\000r\000e\000n\000c\000e}{chapter.3}% 10
\BOOKMARK [2][-]{subsection.3.2.1}{\376\377\0003\000.\0002\000.\0001\000\040\000D\000e\000t\000a\000i\000l\000e\000d\000\040\000D\000e\000s\000c\000r\000i\000p\000t\000i\000o\000n}{section.3.2}% 11
\BOOKMARK [2][-]{subsection.3.2.2}{\376\377\0003\000.\0002\000.\0002\000\040\000C\000o\000n\000s\000t\000r\000u\000c\000t\000o\000r\000\040\000\046\000\040\000D\000e\000s\000t\000r\000u\000c\000t\000o\000r\000\040\000D\000o\000c\000u\000m\000e\000n\000t\000a\000t\000i\000o\000n}{section.3.2}% 12
\BOOKMARK [3][-]{subsubsection.3.2.2.1}{\376\377\0003\000.\0002\000.\0002\000.\0001\000\040\000C\000o\000m\000m\000a\000n\000d\000L\000o\000g\000g\000e\000r\000\050\000\051}{subsection.3.2.2}% 13
\BOOKMARK [2][-]{subsection.3.2.3}{\376\377\0003\000.\0002\000.\0003\000\040\000M\000e\000m\000b\000e\000r\000\040\000F\000u\000n\000c\000t\000i\000o\000n\000\040\000D\000o\000c\000u\000m\000e\000n\000t\000a\000t\000i\000o\000n}{section.3.2}% 14
\BOOKMARK [3][-]{subsubsection.3.2.3.1}{\376\377\0003\000.\0002\000.\0003\000.\0001\000\040\000a\000d\000d\000C\000o\000m\000m\000a\000n\000d\000\050\000I\000C\000o\000m\000m\000a\000n\000d\000\040\000c\000o\000m\000m\000a\000n\000d\000\051}{subsection.3.2.3}% 15
\BOOKMARK [3][-]{subsubsection.3.2.3.2}{\376\377\0003\000.\0002\000.\0003\000.\0002\000\040\000c\000r\000e\000a\000t\000e\000C\000o\000m\000m\000a\000n\000d\000L\000o\000g\000\050\000\051}{subsection.3.2.3}% 16
\BOOKMARK [1][-]{section.3.3}{\376\377\0003\000.\0003\000\040\000d\000e\000.\000f\000r\000a\000u\000n\000h\000o\000f\000e\000r\000.\000i\000o\000s\000b\000.\000t\000r\000u\000f\000f\000l\000e\000h\000o\000g\000.\000s\000e\000r\000v\000i\000c\000e\000.\000d\000a\000t\000a\000l\000o\000g\000g\000i\000n\000g\000.\000D\000a\000t\000a\000L\000o\000g\000\040\000C\000l\000a\000s\000s\000\040\000R\000e\000f\000e\000r\000e\000n\000c\000e}{chapter.3}% 17
\BOOKMARK [2][-]{subsection.3.3.1}{\376\377\0003\000.\0003\000.\0001\000\040\000D\000e\000t\000a\000i\000l\000e\000d\000\040\000D\000e\000s\000c\000r\000i\000p\000t\000i\000o\000n}{section.3.3}% 18
\BOOKMARK [2][-]{subsection.3.3.2}{\376\377\0003\000.\0003\000.\0002\000\040\000C\000o\000n\000s\000t\000r\000u\000c\000t\000o\000r\000\040\000\046\000\040\000D\000e\000s\000t\000r\000u\000c\000t\000o\000r\000\040\000D\000o\000c\000u\000m\000e\000n\000t\000a\000t\000i\000o\000n}{section.3.3}% 19
\BOOKMARK [3][-]{subsubsection.3.3.2.1}{\376\377\0003\000.\0003\000.\0002\000.\0001\000\040\000D\000a\000t\000a\000L\000o\000g\000\050\000I\000N\000e\000t\000w\000o\000r\000k\000G\000r\000a\000p\000h\000\040\000s\000n\000a\000p\000s\000h\000o\000t\000G\000r\000a\000p\000h\000,\000\040\000L\000i\000s\000t\000<\000\040\000I\000C\000o\000m\000m\000a\000n\000d\000\040\000>\000\040\000c\000o\000m\000m\000a\000n\000d\000s\000\051}{subsection.3.3.2}% 20
\BOOKMARK [2][-]{subsection.3.3.3}{\376\377\0003\000.\0003\000.\0003\000\040\000M\000e\000m\000b\000e\000r\000\040\000F\000u\000n\000c\000t\000i\000o\000n\000\040\000D\000o\000c\000u\000m\000e\000n\000t\000a\000t\000i\000o\000n}{section.3.3}% 21
\BOOKMARK [3][-]{subsubsection.3.3.3.1}{\376\377\0003\000.\0003\000.\0003\000.\0001\000\040\000g\000e\000t\000C\000o\000m\000m\000a\000n\000d\000s\000\050\000\051}{subsection.3.3.3}% 22
\BOOKMARK [3][-]{subsubsection.3.3.3.2}{\376\377\0003\000.\0003\000.\0003\000.\0002\000\040\000g\000e\000t\000E\000n\000d\000I\000n\000s\000t\000a\000n\000t\000\050\000\051}{subsection.3.3.3}% 23
\BOOKMARK [3][-]{subsubsection.3.3.3.3}{\376\377\0003\000.\0003\000.\0003\000.\0003\000\040\000g\000e\000t\000G\000r\000a\000p\000h\000S\000n\000a\000p\000s\000h\000o\000t\000\050\000\051}{subsection.3.3.3}% 24
\BOOKMARK [3][-]{subsubsection.3.3.3.4}{\376\377\0003\000.\0003\000.\0003\000.\0004\000\040\000g\000e\000t\000S\000t\000a\000r\000t\000I\000n\000s\000t\000a\000n\000t\000\050\000\051}{subsection.3.3.3}% 25
\BOOKMARK [1][-]{section.3.4}{\376\377\0003\000.\0004\000\040\000d\000e\000.\000f\000r\000a\000u\000n\000h\000o\000f\000e\000r\000.\000i\000o\000s\000b\000.\000t\000r\000u\000f\000f\000l\000e\000h\000o\000g\000.\000s\000e\000r\000v\000i\000c\000e\000.\000d\000a\000t\000a\000l\000o\000g\000g\000i\000n\000g\000.\000D\000a\000t\000a\000L\000o\000g\000g\000e\000r\000\040\000C\000l\000a\000s\000s\000\040\000R\000e\000f\000e\000r\000e\000n\000c\000e}{chapter.3}% 26
\BOOKMARK [2][-]{subsection.3.4.1}{\376\377\0003\000.\0004\000.\0001\000\040\000D\000e\000t\000a\000i\000l\000e\000d\000\040\000D\000e\000s\000c\000r\000i\000p\000t\000i\000o\000n}{section.3.4}% 27
\BOOKMARK [2][-]{subsection.3.4.2}{\376\377\0003\000.\0004\000.\0002\000\040\000C\000o\000n\000s\000t\000r\000u\000c\000t\000o\000r\000\040\000\046\000\040\000D\000e\000s\000t\000r\000u\000c\000t\000o\000r\000\040\000D\000o\000c\000u\000m\000e\000n\000t\000a\000t\000i\000o\000n}{section.3.4}% 28
\BOOKMARK [3][-]{subsubsection.3.4.2.1}{\376\377\0003\000.\0004\000.\0002\000.\0001\000\040\000D\000a\000t\000a\000L\000o\000g\000g\000e\000r\000\050\000\051}{subsection.3.4.2}% 29
\BOOKMARK [2][-]{subsection.3.4.3}{\376\377\0003\000.\0004\000.\0003\000\040\000M\000e\000m\000b\000e\000r\000\040\000F\000u\000n\000c\000t\000i\000o\000n\000\040\000D\000o\000c\000u\000m\000e\000n\000t\000a\000t\000i\000o\000n}{section.3.4}% 30
\BOOKMARK [3][-]{subsubsection.3.4.3.1}{\376\377\0003\000.\0004\000.\0003\000.\0001\000\040\000c\000r\000e\000a\000t\000e\000D\000a\000t\000a\000L\000o\000g\000\050\000I\000N\000e\000t\000w\000o\000r\000k\000G\000r\000a\000p\000h\000\040\000s\000n\000a\000p\000s\000h\000o\000t\000G\000r\000a\000p\000h\000,\000\040\000L\000i\000s\000t\000<\000\040\000I\000C\000o\000m\000m\000a\000n\000d\000\040\000>\000\040\000c\000o\000m\000m\000a\000n\000d\000s\000\051}{subsection.3.4.3}% 31
\BOOKMARK [3][-]{subsubsection.3.4.3.2}{\376\377\0003\000.\0004\000.\0003\000.\0002\000\040\000o\000u\000t\000p\000u\000t\000D\000a\000t\000a\000L\000o\000g\000\050\000D\000a\000t\000a\000L\000o\000g\000\040\000l\000o\000g\000\051}{subsection.3.4.3}% 32
\BOOKMARK [3][-]{subsubsection.3.4.3.3}{\376\377\0003\000.\0004\000.\0003\000.\0003\000\040\000s\000a\000v\000e\000D\000a\000t\000a\000L\000o\000g\000\050\000D\000a\000t\000a\000L\000o\000g\000\040\000l\000o\000g\000\051}{subsection.3.4.3}% 33
\BOOKMARK [1][-]{section.3.5}{\376\377\0003\000.\0005\000\040\000d\000e\000.\000f\000r\000a\000u\000n\000h\000o\000f\000e\000r\000.\000i\000o\000s\000b\000.\000t\000r\000u\000f\000f\000l\000e\000h\000o\000g\000.\000s\000e\000r\000v\000i\000c\000e\000.\000d\000a\000t\000a\000l\000o\000g\000g\000i\000n\000g\000.\000D\000a\000t\000a\000L\000o\000g\000L\000o\000a\000d\000e\000r\000\040\000C\000l\000a\000s\000s\000\040\000R\000e\000f\000e\000r\000e\000n\000c\000e}{chapter.3}% 34
\BOOKMARK [2][-]{subsection.3.5.1}{\376\377\0003\000.\0005\000.\0001\000\040\000D\000e\000t\000a\000i\000l\000e\000d\000\040\000D\000e\000s\000c\000r\000i\000p\000t\000i\000o\000n}{section.3.5}% 35
\BOOKMARK [2][-]{subsection.3.5.2}{\376\377\0003\000.\0005\000.\0002\000\040\000C\000o\000n\000s\000t\000r\000u\000c\000t\000o\000r\000\040\000\046\000\040\000D\000e\000s\000t\000r\000u\000c\000t\000o\000r\000\040\000D\000o\000c\000u\000m\000e\000n\000t\000a\000t\000i\000o\000n}{section.3.5}% 36
\BOOKMARK [3][-]{subsubsection.3.5.2.1}{\376\377\0003\000.\0005\000.\0002\000.\0001\000\040\000D\000a\000t\000a\000L\000o\000g\000L\000o\000a\000d\000e\000r\000\050\000\051}{subsection.3.5.2}% 37
\BOOKMARK [2][-]{subsection.3.5.3}{\376\377\0003\000.\0005\000.\0003\000\040\000M\000e\000m\000b\000e\000r\000\040\000F\000u\000n\000c\000t\000i\000o\000n\000\040\000D\000o\000c\000u\000m\000e\000n\000t\000a\000t\000i\000o\000n}{section.3.5}% 38
\BOOKMARK [3][-]{subsubsection.3.5.3.1}{\376\377\0003\000.\0005\000.\0003\000.\0001\000\040\000g\000e\000t\000D\000a\000t\000a\000\050\000I\000n\000s\000t\000a\000n\000t\000\040\000i\000n\000s\000t\000a\000n\000t\000\051}{subsection.3.5.3}% 39
\BOOKMARK [3][-]{subsubsection.3.5.3.2}{\376\377\0003\000.\0005\000.\0003\000.\0002\000\040\000l\000o\000a\000d\000D\000a\000t\000a\000\050\000I\000n\000s\000t\000a\000n\000t\000\040\000i\000n\000s\000t\000a\000n\000t\000\051}{subsection.3.5.3}% 40
\BOOKMARK [1][-]{section.3.6}{\376\377\0003\000.\0006\000\040\000d\000e\000.\000f\000r\000a\000u\000n\000h\000o\000f\000e\000r\000.\000i\000o\000s\000b\000.\000t\000r\000u\000f\000f\000l\000e\000h\000o\000g\000.\000s\000e\000r\000v\000i\000c\000e\000.\000d\000a\000t\000a\000l\000o\000g\000g\000i\000n\000g\000.\000D\000a\000t\000a\000L\000o\000g\000L\000o\000a\000d\000S\000e\000r\000v\000i\000c\000e\000\040\000C\000l\000a\000s\000s\000\040\000R\000e\000f\000e\000r\000e\000n\000c\000e}{chapter.3}% 41
\BOOKMARK [2][-]{subsection.3.6.1}{\376\377\0003\000.\0006\000.\0001\000\040\000D\000e\000t\000a\000i\000l\000e\000d\000\040\000D\000e\000s\000c\000r\000i\000p\000t\000i\000o\000n}{section.3.6}% 42
\BOOKMARK [2][-]{subsection.3.6.2}{\376\377\0003\000.\0006\000.\0002\000\040\000C\000o\000n\000s\000t\000r\000u\000c\000t\000o\000r\000\040\000\046\000\040\000D\000e\000s\000t\000r\000u\000c\000t\000o\000r\000\040\000D\000o\000c\000u\000m\000e\000n\000t\000a\000t\000i\000o\000n}{section.3.6}% 43
\BOOKMARK [3][-]{subsubsection.3.6.2.1}{\376\377\0003\000.\0006\000.\0002\000.\0001\000\040\000D\000a\000t\000a\000L\000o\000g\000L\000o\000a\000d\000S\000e\000r\000v\000i\000c\000e\000\050\000\051}{subsection.3.6.2}% 44
\BOOKMARK [2][-]{subsection.3.6.3}{\376\377\0003\000.\0006\000.\0003\000\040\000M\000e\000m\000b\000e\000r\000\040\000F\000u\000n\000c\000t\000i\000o\000n\000\040\000D\000o\000c\000u\000m\000e\000n\000t\000a\000t\000i\000o\000n}{section.3.6}% 45
\BOOKMARK [3][-]{subsubsection.3.6.3.1}{\376\377\0003\000.\0006\000.\0003\000.\0001\000\040\000j\000u\000m\000p\000T\000o\000I\000n\000s\000t\000a\000n\000t\000\050\000I\000n\000s\000t\000a\000n\000t\000\040\000i\000n\000s\000t\000a\000n\000t\000\051}{subsection.3.6.3}% 46
\BOOKMARK [3][-]{subsubsection.3.6.3.2}{\376\377\0003\000.\0006\000.\0003\000.\0002\000\040\000l\000o\000a\000d\000\050\000I\000n\000s\000t\000a\000n\000t\000\040\000i\000n\000s\000t\000a\000n\000t\000\051}{subsection.3.6.3}% 47
\BOOKMARK [3][-]{subsubsection.3.6.3.3}{\376\377\0003\000.\0006\000.\0003\000.\0003\000\040\000p\000a\000u\000s\000e\000\050\000\051}{subsection.3.6.3}% 48
\BOOKMARK [3][-]{subsubsection.3.6.3.4}{\376\377\0003\000.\0006\000.\0003\000.\0004\000\040\000p\000l\000a\000y\000\050\000\051}{subsection.3.6.3}% 49
\BOOKMARK [3][-]{subsubsection.3.6.3.5}{\376\377\0003\000.\0006\000.\0003\000.\0005\000\040\000r\000u\000n\000\050\000\051}{subsection.3.6.3}% 50
\BOOKMARK [1][-]{section.3.7}{\376\377\0003\000.\0007\000\040\000d\000e\000.\000f\000r\000a\000u\000n\000h\000o\000f\000e\000r\000.\000i\000o\000s\000b\000.\000t\000r\000u\000f\000f\000l\000e\000h\000o\000g\000.\000s\000e\000r\000v\000i\000c\000e\000.\000d\000a\000t\000a\000l\000o\000g\000g\000i\000n\000g\000.\000D\000a\000t\000a\000L\000o\000g\000S\000a\000v\000e\000S\000e\000r\000v\000i\000c\000e\000\040\000C\000l\000a\000s\000s\000\040\000R\000e\000f\000e\000r\000e\000n\000c\000e}{chapter.3}% 51
\BOOKMARK [2][-]{subsection.3.7.1}{\376\377\0003\000.\0007\000.\0001\000\040\000D\000e\000t\000a\000i\000l\000e\000d\000\040\000D\000e\000s\000c\000r\000i\000p\000t\000i\000o\000n}{section.3.7}% 52
\BOOKMARK [2][-]{subsection.3.7.2}{\376\377\0003\000.\0007\000.\0002\000\040\000C\000o\000n\000s\000t\000r\000u\000c\000t\000o\000r\000\040\000\046\000\040\000D\000e\000s\000t\000r\000u\000c\000t\000o\000r\000\040\000D\000o\000c\000u\000m\000e\000n\000t\000a\000t\000i\000o\000n}{section.3.7}% 53
\BOOKMARK [3][-]{subsubsection.3.7.2.1}{\376\377\0003\000.\0007\000.\0002\000.\0001\000\040\000D\000a\000t\000a\000L\000o\000g\000S\000a\000v\000e\000S\000e\000r\000v\000i\000c\000e\000\050\000\051}{subsection.3.7.2}% 54
\BOOKMARK [2][-]{subsection.3.7.3}{\376\377\0003\000.\0007\000.\0003\000\040\000M\000e\000m\000b\000e\000r\000\040\000F\000u\000n\000c\000t\000i\000o\000n\000\040\000D\000o\000c\000u\000m\000e\000n\000t\000a\000t\000i\000o\000n}{section.3.7}% 55
\BOOKMARK [3][-]{subsubsection.3.7.3.1}{\376\377\0003\000.\0007\000.\0003\000.\0001\000\040\000r\000u\000n\000\050\000\051}{subsection.3.7.3}% 56
\BOOKMARK [1][-]{section.3.8}{\376\377\0003\000.\0008\000\040\000d\000e\000.\000f\000r\000a\000u\000n\000h\000o\000f\000e\000r\000.\000i\000o\000s\000b\000.\000t\000r\000u\000f\000f\000l\000e\000h\000o\000g\000.\000m\000o\000d\000e\000l\000.\000f\000i\000l\000t\000e\000r\000.\000F\000i\000l\000t\000e\000r\000\040\000C\000l\000a\000s\000s\000\040\000R\000e\000f\000e\000r\000e\000n\000c\000e}{chapter.3}% 57
\BOOKMARK [2][-]{subsection.3.8.1}{\376\377\0003\000.\0008\000.\0001\000\040\000D\000e\000t\000a\000i\000l\000e\000d\000\040\000D\000e\000s\000c\000r\000i\000p\000t\000i\000o\000n}{section.3.8}% 58
\BOOKMARK [2][-]{subsection.3.8.2}{\376\377\0003\000.\0008\000.\0002\000\040\000M\000e\000m\000b\000e\000r\000\040\000F\000u\000n\000c\000t\000i\000o\000n\000\040\000D\000o\000c\000u\000m\000e\000n\000t\000a\000t\000i\000o\000n}{section.3.8}% 59
\BOOKMARK [3][-]{subsubsection.3.8.2.1}{\376\377\0003\000.\0008\000.\0002\000.\0001\000\040\000a\000d\000d\000I\000P\000R\000e\000g\000e\000x\000\050\000S\000t\000r\000i\000n\000g\000\040\000e\000x\000\051}{subsection.3.8.2}% 60
\BOOKMARK [3][-]{subsubsection.3.8.2.2}{\376\377\0003\000.\0008\000.\0002\000.\0002\000\040\000a\000d\000d\000M\000A\000C\000R\000e\000g\000e\000x\000\050\000S\000t\000r\000i\000n\000g\000\040\000e\000x\000\051}{subsection.3.8.2}% 61
\BOOKMARK [1][-]{section.3.9}{\376\377\0003\000.\0009\000\040\000d\000e\000.\000f\000r\000a\000u\000n\000h\000o\000f\000e\000r\000.\000i\000o\000s\000b\000.\000t\000r\000u\000f\000f\000l\000e\000h\000o\000g\000.\000m\000o\000d\000e\000l\000.\000g\000r\000a\000p\000h\000.\000F\000r\000u\000c\000h\000t\000e\000r\000m\000a\000n\000R\000e\000i\000n\000g\000o\000l\000d\000L\000a\000y\000o\000u\000t\000\040\000C\000l\000a\000s\000s\000\040\000R\000e\000f\000e\000r\000e\000n\000c\000e}{chapter.3}% 62
\BOOKMARK [2][-]{subsection.3.9.1}{\376\377\0003\000.\0009\000.\0001\000\040\000D\000e\000t\000a\000i\000l\000e\000d\000\040\000D\000e\000s\000c\000r\000i\000p\000t\000i\000o\000n}{section.3.9}% 63
\BOOKMARK [2][-]{subsection.3.9.2}{\376\377\0003\000.\0009\000.\0002\000\040\000C\000o\000n\000s\000t\000r\000u\000c\000t\000o\000r\000\040\000\046\000\040\000D\000e\000s\000t\000r\000u\000c\000t\000o\000r\000\040\000D\000o\000c\000u\000m\000e\000n\000t\000a\000t\000i\000o\000n}{section.3.9}% 64
\BOOKMARK [3][-]{subsubsection.3.9.2.1}{\376\377\0003\000.\0009\000.\0002\000.\0001\000\040\000F\000r\000u\000c\000h\000t\000e\000r\000m\000a\000n\000R\000e\000i\000n\000g\000o\000l\000d\000L\000a\000y\000o\000u\000t\000\050\000I\000N\000e\000t\000w\000o\000r\000k\000G\000r\000a\000p\000h\000\040\000g\000r\000a\000p\000h\000\051}{subsection.3.9.2}% 65
\BOOKMARK [1][-]{section.3.10}{\376\377\0003\000.\0001\0000\000\040\000d\000e\000.\000f\000r\000a\000u\000n\000h\000o\000f\000e\000r\000.\000i\000o\000s\000b\000.\000t\000r\000u\000f\000f\000l\000e\000h\000o\000g\000.\000m\000o\000d\000e\000l\000.\000g\000r\000a\000p\000h\000.\000G\000r\000a\000p\000h\000P\000r\000o\000x\000y\000\040\000C\000l\000a\000s\000s\000\040\000R\000e\000f\000e\000r\000e\000n\000c\000e}{chapter.3}% 66
\BOOKMARK [2][-]{subsection.3.10.1}{\376\377\0003\000.\0001\0000\000.\0001\000\040\000D\000e\000t\000a\000i\000l\000e\000d\000\040\000D\000e\000s\000c\000r\000i\000p\000t\000i\000o\000n}{section.3.10}% 67
\BOOKMARK [2][-]{subsection.3.10.2}{\376\377\0003\000.\0001\0000\000.\0002\000\040\000M\000e\000m\000b\000e\000r\000\040\000F\000u\000n\000c\000t\000i\000o\000n\000\040\000D\000o\000c\000u\000m\000e\000n\000t\000a\000t\000i\000o\000n}{section.3.10}% 68
\BOOKMARK [3][-]{subsubsection.3.10.2.1}{\376\377\0003\000.\0001\0000\000.\0002\000.\0001\000\040\000a\000d\000d\000N\000e\000t\000w\000o\000r\000k\000E\000d\000g\000e\000\050\000N\000e\000t\000w\000o\000r\000k\000N\000o\000d\000e\000\040\000f\000r\000o\000m\000,\000\040\000N\000e\000t\000w\000o\000r\000k\000N\000o\000d\000e\000\040\000t\000o\000\051}{subsection.3.10.2}% 69
\BOOKMARK [3][-]{subsubsection.3.10.2.2}{\376\377\0003\000.\0001\0000\000.\0002\000.\0002\000\040\000a\000d\000d\000N\000e\000t\000w\000o\000r\000k\000N\000o\000d\000e\000\050\000N\000e\000t\000w\000o\000r\000k\000N\000o\000d\000e\000\040\000n\000o\000d\000e\000\051}{subsection.3.10.2}% 70
\BOOKMARK [1][-]{section.3.11}{\376\377\0003\000.\0001\0001\000\040\000d\000e\000.\000f\000r\000a\000u\000n\000h\000o\000f\000e\000r\000.\000i\000o\000s\000b\000.\000t\000r\000u\000f\000f\000l\000e\000h\000o\000g\000.\000c\000o\000m\000m\000a\000n\000d\000.\000I\000C\000o\000m\000m\000a\000n\000d\000\040\000I\000n\000t\000e\000r\000f\000a\000c\000e\000\040\000R\000e\000f\000e\000r\000e\000n\000c\000e}{chapter.3}% 71
\BOOKMARK [1][-]{section.3.12}{\376\377\0003\000.\0001\0002\000\040\000d\000e\000.\000f\000r\000a\000u\000n\000h\000o\000f\000e\000r\000.\000i\000o\000s\000b\000.\000t\000r\000u\000f\000f\000l\000e\000h\000o\000g\000.\000m\000o\000d\000e\000l\000.\000g\000r\000a\000p\000h\000.\000I\000C\000o\000n\000n\000e\000c\000t\000i\000o\000n\000\040\000I\000n\000t\000e\000r\000f\000a\000c\000e\000\040\000R\000e\000f\000e\000r\000e\000n\000c\000e}{chapter.3}% 72
\BOOKMARK [2][-]{subsection.3.12.1}{\376\377\0003\000.\0001\0002\000.\0001\000\040\000D\000e\000t\000a\000i\000l\000e\000d\000\040\000D\000e\000s\000c\000r\000i\000p\000t\000i\000o\000n}{section.3.12}% 73
\BOOKMARK [1][-]{section.3.13}{\376\377\0003\000.\0001\0003\000\040\000d\000e\000.\000f\000r\000a\000u\000n\000h\000o\000f\000e\000r\000.\000i\000o\000s\000b\000.\000t\000r\000u\000f\000f\000l\000e\000h\000o\000g\000.\000m\000o\000d\000e\000l\000.\000g\000r\000a\000p\000h\000.\000I\000N\000e\000t\000w\000o\000r\000k\000G\000r\000a\000p\000h\000\040\000I\000n\000t\000e\000r\000f\000a\000c\000e\000\040\000R\000e\000f\000e\000r\000e\000n\000c\000e}{chapter.3}% 74
\BOOKMARK [2][-]{subsection.3.13.1}{\376\377\0003\000.\0001\0003\000.\0001\000\040\000D\000e\000t\000a\000i\000l\000e\000d\000\040\000D\000e\000s\000c\000r\000i\000p\000t\000i\000o\000n}{section.3.13}% 75
\BOOKMARK [2][-]{subsection.3.13.2}{\376\377\0003\000.\0001\0003\000.\0002\000\040\000M\000e\000m\000b\000e\000r\000\040\000F\000u\000n\000c\000t\000i\000o\000n\000\040\000D\000o\000c\000u\000m\000e\000n\000t\000a\000t\000i\000o\000n}{section.3.13}% 76
\BOOKMARK [3][-]{subsubsection.3.13.2.1}{\376\377\0003\000.\0001\0003\000.\0002\000.\0001\000\040\000a\000d\000d\000N\000e\000t\000w\000o\000r\000k\000N\000o\000d\000e\000\050\000N\000e\000t\000w\000o\000r\000k\000N\000o\000d\000e\000\040\000n\000o\000d\000e\000\051}{subsection.3.13.2}% 77
\BOOKMARK [1][-]{section.3.14}{\376\377\0003\000.\0001\0004\000\040\000d\000e\000.\000f\000r\000a\000u\000n\000h\000o\000f\000e\000r\000.\000i\000o\000s\000b\000.\000t\000r\000u\000f\000f\000l\000e\000h\000o\000g\000.\000m\000o\000d\000e\000l\000.\000g\000r\000a\000p\000h\000.\000I\000N\000e\000t\000w\000o\000r\000k\000G\000r\000a\000p\000h\000L\000a\000y\000o\000u\000t\000\040\000I\000n\000t\000e\000r\000f\000a\000c\000e\000\040\000R\000e\000f\000e\000r\000e\000n\000c\000e}{chapter.3}% 78
\BOOKMARK [2][-]{subsection.3.14.1}{\376\377\0003\000.\0001\0004\000.\0001\000\040\000D\000e\000t\000a\000i\000l\000e\000d\000\040\000D\000e\000s\000c\000r\000i\000p\000t\000i\000o\000n}{section.3.14}% 79
\BOOKMARK [1][-]{section.3.15}{\376\377\0003\000.\0001\0005\000\040\000d\000e\000.\000f\000r\000a\000u\000n\000h\000o\000f\000e\000r\000.\000i\000o\000s\000b\000.\000t\000r\000u\000f\000f\000l\000e\000h\000o\000g\000.\000m\000o\000d\000e\000l\000.\000g\000r\000a\000p\000h\000.\000I\000N\000o\000d\000e\000\040\000I\000n\000t\000e\000r\000f\000a\000c\000e\000\040\000R\000e\000f\000e\000r\000e\000n\000c\000e}{chapter.3}% 80
\BOOKMARK [2][-]{subsection.3.15.1}{\376\377\0003\000.\0001\0005\000.\0001\000\040\000D\000e\000t\000a\000i\000l\000e\000d\000\040\000D\000e\000s\000c\000r\000i\000p\000t\000i\000o\000n}{section.3.15}% 81
\BOOKMARK [1][-]{section.3.16}{\376\377\0003\000.\0001\0006\000\040\000d\000e\000.\000f\000r\000a\000u\000n\000h\000o\000f\000e\000r\000.\000i\000o\000s\000b\000.\000t\000r\000u\000f\000f\000l\000e\000h\000o\000g\000.\000c\000o\000m\000m\000u\000n\000i\000c\000a\000t\000i\000o\000n\000.\000I\000N\000o\000t\000i\000f\000i\000e\000r\000<\000\040\000M\000\040\000>\000\040\000I\000n\000t\000e\000r\000f\000a\000c\000e\000\040\000T\000e\000m\000p\000l\000a\000t\000e\000\040\000R\000e\000f\000e\000r\000e\000n\000c\000e}{chapter.3}% 82
\BOOKMARK [2][-]{subsection.3.16.1}{\376\377\0003\000.\0001\0006\000.\0001\000\040\000D\000e\000t\000a\000i\000l\000e\000d\000\040\000D\000e\000s\000c\000r\000i\000p\000t\000i\000o\000n}{section.3.16}% 83
\BOOKMARK [2][-]{subsection.3.16.2}{\376\377\0003\000.\0001\0006\000.\0002\000\040\000M\000e\000m\000b\000e\000r\000\040\000F\000u\000n\000c\000t\000i\000o\000n\000\040\000D\000o\000c\000u\000m\000e\000n\000t\000a\000t\000i\000o\000n}{section.3.16}% 84
\BOOKMARK [3][-]{subsubsection.3.16.2.1}{\376\377\0003\000.\0001\0006\000.\0002\000.\0001\000\040\000a\000d\000d\000L\000i\000s\000t\000e\000n\000e\000r\000\050\000L\000i\000s\000t\000e\000n\000e\000r\000\040\000l\000i\000s\000t\000e\000n\000e\000r\000\051}{subsection.3.16.2}% 85
\BOOKMARK [3][-]{subsubsection.3.16.2.2}{\376\377\0003\000.\0001\0006\000.\0002\000.\0002\000\040\000n\000o\000t\000i\000f\000y\000L\000i\000s\000t\000e\000n\000e\000r\000s\000\050\000M\000\040\000m\000e\000s\000s\000a\000g\000e\000\051}{subsection.3.16.2}% 86
\BOOKMARK [3][-]{subsubsection.3.16.2.3}{\376\377\0003\000.\0001\0006\000.\0002\000.\0003\000\040\000r\000e\000m\000o\000v\000e\000L\000i\000s\000t\000e\000n\000e\000r\000\050\000L\000i\000s\000t\000e\000n\000e\000r\000\040\000l\000i\000s\000t\000e\000n\000e\000r\000\051}{subsection.3.16.2}% 87
\BOOKMARK [1][-]{section.3.17}{\376\377\0003\000.\0001\0007\000\040\000d\000e\000.\000f\000r\000a\000u\000n\000h\000o\000f\000e\000r\000.\000i\000o\000s\000b\000.\000t\000r\000u\000f\000f\000l\000e\000h\000o\000g\000.\000s\000e\000r\000v\000i\000c\000e\000.\000p\000a\000c\000k\000e\000t\000d\000a\000t\000a\000p\000r\000o\000c\000e\000s\000s\000o\000r\000.\000I\000P\000a\000c\000k\000e\000t\000D\000a\000t\000a\000\040\000I\000n\000t\000e\000r\000f\000a\000c\000e\000\040\000R\000e\000f\000e\000r\000e\000n\000c\000e}{chapter.3}% 88
\BOOKMARK [2][-]{subsection.3.17.1}{\376\377\0003\000.\0001\0007\000.\0001\000\040\000D\000e\000t\000a\000i\000l\000e\000d\000\040\000D\000e\000s\000c\000r\000i\000p\000t\000i\000o\000n}{section.3.17}% 89
\BOOKMARK [2][-]{subsection.3.17.2}{\376\377\0003\000.\0001\0007\000.\0002\000\040\000M\000e\000m\000b\000e\000r\000\040\000F\000u\000n\000c\000t\000i\000o\000n\000\040\000D\000o\000c\000u\000m\000e\000n\000t\000a\000t\000i\000o\000n}{section.3.17}% 90
\BOOKMARK [3][-]{subsubsection.3.17.2.1}{\376\377\0003\000.\0001\0007\000.\0002\000.\0001\000\040\000g\000e\000t\000A\000t\000t\000r\000i\000b\000u\000t\000e\000\050\000C\000l\000a\000s\000s\000<\000\040\000T\000\040\000>\000\040\000a\000t\000t\000r\000i\000b\000u\000t\000e\000T\000y\000p\000e\000,\000\040\000S\000t\000r\000i\000n\000g\000\040\000a\000t\000t\000r\000i\000b\000u\000t\000e\000I\000d\000e\000n\000t\000i\000f\000i\000e\000r\000\051}{subsection.3.17.2}% 91
\BOOKMARK [1][-]{section.3.18}{\376\377\0003\000.\0001\0008\000\040\000d\000e\000.\000f\000r\000a\000u\000n\000h\000o\000f\000e\000r\000.\000i\000o\000s\000b\000.\000t\000r\000u\000f\000f\000l\000e\000h\000o\000g\000.\000c\000o\000m\000m\000a\000n\000d\000.\000t\000r\000u\000f\000f\000l\000e\000c\000o\000m\000m\000a\000n\000d\000.\000I\000T\000r\000u\000f\000f\000l\000e\000C\000o\000m\000m\000a\000n\000d\000\040\000I\000n\000t\000e\000r\000f\000a\000c\000e\000\040\000R\000e\000f\000e\000r\000e\000n\000c\000e}{chapter.3}% 92
\BOOKMARK [1][-]{section.3.19}{\376\377\0003\000.\0001\0009\000\040\000d\000e\000.\000f\000r\000a\000u\000n\000h\000o\000f\000e\000r\000.\000i\000o\000s\000b\000.\000t\000r\000u\000f\000f\000l\000e\000h\000o\000g\000.\000c\000o\000m\000m\000a\000n\000d\000.\000u\000s\000e\000r\000c\000o\000m\000m\000a\000n\000d\000.\000I\000U\000s\000e\000r\000C\000o\000m\000m\000a\000n\000d\000\040\000I\000n\000t\000e\000r\000f\000a\000c\000e\000\040\000R\000e\000f\000e\000r\000e\000n\000c\000e}{chapter.3}% 93
\BOOKMARK [1][-]{section.3.20}{\376\377\0003\000.\0002\0000\000\040\000d\000e\000.\000f\000r\000a\000u\000n\000h\000o\000f\000e\000r\000.\000i\000o\000s\000b\000.\000t\000r\000u\000f\000f\000l\000e\000h\000o\000g\000.\000m\000o\000d\000e\000l\000.\000g\000r\000a\000p\000h\000.\000K\000a\000m\000a\000d\000a\000K\000a\000w\000a\000i\000L\000a\000y\000o\000u\000t\000\040\000C\000l\000a\000s\000s\000\040\000R\000e\000f\000e\000r\000e\000n\000c\000e}{chapter.3}% 94
\BOOKMARK [2][-]{subsection.3.20.1}{\376\377\0003\000.\0002\0000\000.\0001\000\040\000D\000e\000t\000a\000i\000l\000e\000d\000\040\000D\000e\000s\000c\000r\000i\000p\000t\000i\000o\000n}{section.3.20}% 95
\BOOKMARK [2][-]{subsection.3.20.2}{\376\377\0003\000.\0002\0000\000.\0002\000\040\000C\000o\000n\000s\000t\000r\000u\000c\000t\000o\000r\000\040\000\046\000\040\000D\000e\000s\000t\000r\000u\000c\000t\000o\000r\000\040\000D\000o\000c\000u\000m\000e\000n\000t\000a\000t\000i\000o\000n}{section.3.20}% 96
\BOOKMARK [3][-]{subsubsection.3.20.2.1}{\376\377\0003\000.\0002\0000\000.\0002\000.\0001\000\040\000K\000a\000m\000a\000d\000a\000K\000a\000w\000a\000i\000L\000a\000y\000o\000u\000t\000\050\000I\000N\000e\000t\000w\000o\000r\000k\000G\000r\000a\000p\000h\000\040\000g\000r\000a\000p\000h\000\051}{subsection.3.20.2}% 97
\BOOKMARK [1][-]{section.3.21}{\376\377\0003\000.\0002\0001\000\040\000d\000e\000.\000f\000r\000a\000u\000n\000h\000o\000f\000e\000r\000.\000i\000o\000s\000b\000.\000t\000r\000u\000f\000f\000l\000e\000h\000o\000g\000.\000c\000o\000m\000m\000u\000n\000i\000c\000a\000t\000i\000o\000n\000.\000L\000i\000s\000t\000e\000n\000e\000r\000<\000\040\000M\000\040\000>\000\040\000I\000n\000t\000e\000r\000f\000a\000c\000e\000\040\000T\000e\000m\000p\000l\000a\000t\000e\000\040\000R\000e\000f\000e\000r\000e\000n\000c\000e}{chapter.3}% 98
\BOOKMARK [2][-]{subsection.3.21.1}{\376\377\0003\000.\0002\0001\000.\0001\000\040\000D\000e\000t\000a\000i\000l\000e\000d\000\040\000D\000e\000s\000c\000r\000i\000p\000t\000i\000o\000n}{section.3.21}% 99
\BOOKMARK [2][-]{subsection.3.21.2}{\376\377\0003\000.\0002\0001\000.\0002\000\040\000M\000e\000m\000b\000e\000r\000\040\000F\000u\000n\000c\000t\000i\000o\000n\000\040\000D\000o\000c\000u\000m\000e\000n\000t\000a\000t\000i\000o\000n}{section.3.21}% 100
\BOOKMARK [3][-]{subsubsection.3.21.2.1}{\376\377\0003\000.\0002\0001\000.\0002\000.\0001\000\040\000r\000e\000c\000e\000i\000v\000e\000\050\000M\000\040\000m\000\051}{subsection.3.21.2}% 101
\BOOKMARK [1][-]{section.3.22}{\376\377\0003\000.\0002\0002\000\040\000d\000e\000.\000f\000r\000a\000u\000n\000h\000o\000f\000e\000r\000.\000i\000o\000s\000b\000.\000t\000r\000u\000f\000f\000l\000e\000h\000o\000g\000.\000M\000a\000i\000n\000\040\000C\000l\000a\000s\000s\000\040\000R\000e\000f\000e\000r\000e\000n\000c\000e}{chapter.3}% 102
\BOOKMARK [2][-]{subsection.3.22.1}{\376\377\0003\000.\0002\0002\000.\0001\000\040\000D\000e\000t\000a\000i\000l\000e\000d\000\040\000D\000e\000s\000c\000r\000i\000p\000t\000i\000o\000n}{section.3.22}% 103
\BOOKMARK [2][-]{subsection.3.22.2}{\376\377\0003\000.\0002\0002\000.\0002\000\040\000M\000e\000m\000b\000e\000r\000\040\000F\000u\000n\000c\000t\000i\000o\000n\000\040\000D\000o\000c\000u\000m\000e\000n\000t\000a\000t\000i\000o\000n}{section.3.22}% 104
\BOOKMARK [3][-]{subsubsection.3.22.2.1}{\376\377\0003\000.\0002\0002\000.\0002\000.\0001\000\040\000m\000a\000i\000n\000\050\000S\000t\000r\000i\000n\000g\000[\000]\000\040\000a\000r\000g\000s\000\051}{subsection.3.22.2}% 105
\BOOKMARK [1][-]{section.3.23}{\376\377\0003\000.\0002\0003\000\040\000d\000e\000.\000f\000r\000a\000u\000n\000h\000o\000f\000e\000r\000.\000i\000o\000s\000b\000.\000t\000r\000u\000f\000f\000l\000e\000h\000o\000g\000.\000m\000o\000d\000e\000l\000.\000g\000r\000a\000p\000h\000.\000N\000e\000t\000w\000o\000r\000k\000E\000d\000g\000e\000\040\000C\000l\000a\000s\000s\000\040\000R\000e\000f\000e\000r\000e\000n\000c\000e}{chapter.3}% 106
\BOOKMARK [2][-]{subsection.3.23.1}{\376\377\0003\000.\0002\0003\000.\0001\000\040\000D\000e\000t\000a\000i\000l\000e\000d\000\040\000D\000e\000s\000c\000r\000i\000p\000t\000i\000o\000n}{section.3.23}% 107
\BOOKMARK [1][-]{section.3.24}{\376\377\0003\000.\0002\0004\000\040\000d\000e\000.\000f\000r\000a\000u\000n\000h\000o\000f\000e\000r\000.\000i\000o\000s\000b\000.\000t\000r\000u\000f\000f\000l\000e\000h\000o\000g\000.\000m\000o\000d\000e\000l\000.\000g\000r\000a\000p\000h\000.\000N\000e\000t\000w\000o\000r\000k\000G\000r\000a\000p\000h\000\040\000C\000l\000a\000s\000s\000\040\000R\000e\000f\000e\000r\000e\000n\000c\000e}{chapter.3}% 108
\BOOKMARK [2][-]{subsection.3.24.1}{\376\377\0003\000.\0002\0004\000.\0001\000\040\000D\000e\000t\000a\000i\000l\000e\000d\000\040\000D\000e\000s\000c\000r\000i\000p\000t\000i\000o\000n}{section.3.24}% 109
\BOOKMARK [2][-]{subsection.3.24.2}{\376\377\0003\000.\0002\0004\000.\0002\000\040\000M\000e\000m\000b\000e\000r\000\040\000F\000u\000n\000c\000t\000i\000o\000n\000\040\000D\000o\000c\000u\000m\000e\000n\000t\000a\000t\000i\000o\000n}{section.3.24}% 110
\BOOKMARK [3][-]{subsubsection.3.24.2.1}{\376\377\0003\000.\0002\0004\000.\0002\000.\0001\000\040\000a\000d\000d\000N\000e\000t\000w\000o\000r\000k\000E\000d\000g\000e\000\050\000N\000e\000t\000w\000o\000r\000k\000N\000o\000d\000e\000\040\000f\000r\000o\000m\000,\000\040\000N\000e\000t\000w\000o\000r\000k\000N\000o\000d\000e\000\040\000t\000o\000\051}{subsection.3.24.2}% 111
\BOOKMARK [3][-]{subsubsection.3.24.2.2}{\376\377\0003\000.\0002\0004\000.\0002\000.\0002\000\040\000a\000d\000d\000N\000e\000t\000w\000o\000r\000k\000N\000o\000d\000e\000\050\000N\000e\000t\000w\000o\000r\000k\000N\000o\000d\000e\000\040\000n\000o\000d\000e\000\051}{subsection.3.24.2}% 112
\BOOKMARK [1][-]{section.3.25}{\376\377\0003\000.\0002\0005\000\040\000d\000e\000.\000f\000r\000a\000u\000n\000h\000o\000f\000e\000r\000.\000i\000o\000s\000b\000.\000t\000r\000u\000f\000f\000l\000e\000h\000o\000g\000.\000m\000o\000d\000e\000l\000.\000g\000r\000a\000p\000h\000.\000N\000e\000t\000w\000o\000r\000k\000G\000r\000a\000p\000h\000S\000w\000i\000t\000c\000h\000\040\000C\000l\000a\000s\000s\000\040\000R\000e\000f\000e\000r\000e\000n\000c\000e}{chapter.3}% 113
\BOOKMARK [2][-]{subsection.3.25.1}{\376\377\0003\000.\0002\0005\000.\0001\000\040\000D\000e\000t\000a\000i\000l\000e\000d\000\040\000D\000e\000s\000c\000r\000i\000p\000t\000i\000o\000n}{section.3.25}% 114
\BOOKMARK [2][-]{subsection.3.25.2}{\376\377\0003\000.\0002\0005\000.\0002\000\040\000M\000e\000m\000b\000e\000r\000\040\000F\000u\000n\000c\000t\000i\000o\000n\000\040\000D\000o\000c\000u\000m\000e\000n\000t\000a\000t\000i\000o\000n}{section.3.25}% 115
\BOOKMARK [3][-]{subsubsection.3.25.2.1}{\376\377\0003\000.\0002\0005\000.\0002\000.\0001\000\040\000a\000d\000d\000N\000e\000t\000w\000o\000r\000k\000E\000d\000g\000e\000\050\000N\000e\000t\000w\000o\000r\000k\000N\000o\000d\000e\000\040\000f\000r\000o\000m\000,\000\040\000N\000e\000t\000w\000o\000r\000k\000N\000o\000d\000e\000\040\000t\000o\000\051}{subsection.3.25.2}% 116
\BOOKMARK [3][-]{subsubsection.3.25.2.2}{\376\377\0003\000.\0002\0005\000.\0002\000.\0002\000\040\000a\000d\000d\000N\000e\000t\000w\000o\000r\000k\000N\000o\000d\000e\000\050\000N\000e\000t\000w\000o\000r\000k\000N\000o\000d\000e\000\040\000n\000o\000d\000e\000\051}{subsection.3.25.2}% 117
\BOOKMARK [3][-]{subsubsection.3.25.2.3}{\376\377\0003\000.\0002\0005\000.\0002\000.\0003\000\040\000v\000i\000e\000w\000P\000l\000a\000y\000b\000a\000c\000k\000\050\000\051}{subsection.3.25.2}% 118
\BOOKMARK [1][-]{section.3.26}{\376\377\0003\000.\0002\0006\000\040\000d\000e\000.\000f\000r\000a\000u\000n\000h\000o\000f\000e\000r\000.\000i\000o\000s\000b\000.\000t\000r\000u\000f\000f\000l\000e\000h\000o\000g\000.\000m\000o\000d\000e\000l\000.\000g\000r\000a\000p\000h\000.\000N\000e\000t\000w\000o\000r\000k\000N\000o\000d\000e\000\040\000C\000l\000a\000s\000s\000\040\000R\000e\000f\000e\000r\000e\000n\000c\000e}{chapter.3}% 119
\BOOKMARK [2][-]{subsection.3.26.1}{\376\377\0003\000.\0002\0006\000.\0001\000\040\000D\000e\000t\000a\000i\000l\000e\000d\000\040\000D\000e\000s\000c\000r\000i\000p\000t\000i\000o\000n}{section.3.26}% 120
\BOOKMARK [2][-]{subsection.3.26.2}{\376\377\0003\000.\0002\0006\000.\0002\000\040\000M\000e\000m\000b\000e\000r\000\040\000F\000u\000n\000c\000t\000i\000o\000n\000\040\000D\000o\000c\000u\000m\000e\000n\000t\000a\000t\000i\000o\000n}{section.3.26}% 121
\BOOKMARK [3][-]{subsubsection.3.26.2.1}{\376\377\0003\000.\0002\0006\000.\0002\000.\0001\000\040\000l\000o\000g\000\050\000T\000r\000u\000f\000f\000l\000e\000\040\000t\000r\000u\000f\000f\000l\000e\000\051}{subsection.3.26.2}% 122
\BOOKMARK [1][-]{section.3.27}{\376\377\0003\000.\0002\0007\000\040\000d\000e\000.\000f\000r\000a\000u\000n\000h\000o\000f\000e\000r\000.\000i\000o\000s\000b\000.\000t\000r\000u\000f\000f\000l\000e\000h\000o\000g\000.\000c\000o\000m\000m\000u\000n\000i\000c\000a\000t\000i\000o\000n\000.\000N\000o\000t\000i\000f\000i\000e\000r\000<\000\040\000M\000\040\000>\000\040\000C\000l\000a\000s\000s\000\040\000T\000e\000m\000p\000l\000a\000t\000e\000\040\000R\000e\000f\000e\000r\000e\000n\000c\000e}{chapter.3}% 123
\BOOKMARK [2][-]{subsection.3.27.1}{\376\377\0003\000.\0002\0007\000.\0001\000\040\000D\000e\000t\000a\000i\000l\000e\000d\000\040\000D\000e\000s\000c\000r\000i\000p\000t\000i\000o\000n}{section.3.27}% 124
\BOOKMARK [2][-]{subsection.3.27.2}{\376\377\0003\000.\0002\0007\000.\0002\000\040\000M\000e\000m\000b\000e\000r\000\040\000F\000u\000n\000c\000t\000i\000o\000n\000\040\000D\000o\000c\000u\000m\000e\000n\000t\000a\000t\000i\000o\000n}{section.3.27}% 125
\BOOKMARK [3][-]{subsubsection.3.27.2.1}{\376\377\0003\000.\0002\0007\000.\0002\000.\0001\000\040\000a\000d\000d\000L\000i\000s\000t\000e\000n\000e\000r\000\050\000L\000i\000s\000t\000e\000n\000e\000r\000\040\000l\000i\000s\000t\000e\000n\000e\000r\000\051}{subsection.3.27.2}% 126
\BOOKMARK [3][-]{subsubsection.3.27.2.2}{\376\377\0003\000.\0002\0007\000.\0002\000.\0002\000\040\000n\000o\000t\000i\000f\000y\000L\000i\000s\000t\000e\000n\000e\000r\000s\000\050\000M\000\040\000m\000e\000s\000s\000a\000g\000e\000\051}{subsection.3.27.2}% 127
\BOOKMARK [3][-]{subsubsection.3.27.2.3}{\376\377\0003\000.\0002\0007\000.\0002\000.\0003\000\040\000r\000e\000m\000o\000v\000e\000L\000i\000s\000t\000e\000n\000e\000r\000\050\000L\000i\000s\000t\000e\000n\000e\000r\000\040\000l\000i\000s\000t\000e\000n\000e\000r\000\051}{subsection.3.27.2}% 128
\BOOKMARK [1][-]{section.3.28}{\376\377\0003\000.\0002\0008\000\040\000d\000e\000.\000f\000r\000a\000u\000n\000h\000o\000f\000e\000r\000.\000i\000o\000s\000b\000.\000t\000r\000u\000f\000f\000l\000e\000h\000o\000g\000.\000s\000e\000r\000v\000i\000c\000e\000.\000d\000a\000t\000a\000l\000o\000g\000g\000i\000n\000g\000.\000S\000n\000a\000p\000s\000h\000o\000t\000L\000o\000g\000g\000e\000r\000\040\000C\000l\000a\000s\000s\000\040\000R\000e\000f\000e\000r\000e\000n\000c\000e}{chapter.3}% 129
\BOOKMARK [2][-]{subsection.3.28.1}{\376\377\0003\000.\0002\0008\000.\0001\000\040\000D\000e\000t\000a\000i\000l\000e\000d\000\040\000D\000e\000s\000c\000r\000i\000p\000t\000i\000o\000n}{section.3.28}% 130
\BOOKMARK [2][-]{subsection.3.28.2}{\376\377\0003\000.\0002\0008\000.\0002\000\040\000C\000o\000n\000s\000t\000r\000u\000c\000t\000o\000r\000\040\000\046\000\040\000D\000e\000s\000t\000r\000u\000c\000t\000o\000r\000\040\000D\000o\000c\000u\000m\000e\000n\000t\000a\000t\000i\000o\000n}{section.3.28}% 131
\BOOKMARK [3][-]{subsubsection.3.28.2.1}{\376\377\0003\000.\0002\0008\000.\0002\000.\0001\000\040\000S\000n\000a\000p\000s\000h\000o\000t\000L\000o\000g\000g\000e\000r\000\050\000G\000r\000a\000p\000h\000P\000r\000o\000x\000y\000\040\000g\000r\000a\000p\000h\000P\000r\000o\000x\000y\000\051}{subsection.3.28.2}% 132
\BOOKMARK [2][-]{subsection.3.28.3}{\376\377\0003\000.\0002\0008\000.\0003\000\040\000M\000e\000m\000b\000e\000r\000\040\000F\000u\000n\000c\000t\000i\000o\000n\000\040\000D\000o\000c\000u\000m\000e\000n\000t\000a\000t\000i\000o\000n}{section.3.28}% 133
\BOOKMARK [3][-]{subsubsection.3.28.3.1}{\376\377\0003\000.\0002\0008\000.\0003\000.\0001\000\040\000t\000a\000k\000e\000S\000n\000a\000p\000s\000h\000o\000t\000\050\000\051}{subsection.3.28.3}% 134
\BOOKMARK [1][-]{section.3.29}{\376\377\0003\000.\0002\0009\000\040\000d\000e\000.\000f\000r\000a\000u\000n\000h\000o\000f\000e\000r\000.\000i\000o\000s\000b\000.\000t\000r\000u\000f\000f\000l\000e\000h\000o\000g\000.\000s\000e\000r\000v\000i\000c\000e\000.\000p\000a\000c\000k\000e\000t\000d\000a\000t\000a\000p\000r\000o\000c\000e\000s\000s\000o\000r\000.\000T\000r\000u\000f\000f\000l\000e\000\040\000C\000l\000a\000s\000s\000\040\000R\000e\000f\000e\000r\000e\000n\000c\000e}{chapter.3}% 135
\BOOKMARK [2][-]{subsection.3.29.1}{\376\377\0003\000.\0002\0009\000.\0001\000\040\000D\000e\000t\000a\000i\000l\000e\000d\000\040\000D\000e\000s\000c\000r\000i\000p\000t\000i\000o\000n}{section.3.29}% 136
\BOOKMARK [1][-]{section.3.30}{\376\377\0003\000.\0003\0000\000\040\000d\000e\000.\000f\000r\000a\000u\000n\000h\000o\000f\000e\000r\000.\000i\000o\000s\000b\000.\000t\000r\000u\000f\000f\000l\000e\000h\000o\000g\000.\000s\000e\000r\000v\000i\000c\000e\000.\000p\000a\000c\000k\000e\000t\000d\000a\000t\000a\000p\000r\000o\000c\000e\000s\000s\000o\000r\000.\000p\000r\000o\000f\000i\000n\000e\000t\000d\000a\000t\000a\000p\000r\000o\000c\000e\000s\000s\000o\000r\000.\000T\000r\000u\000f\000f\000l\000e\000R\000e\000c\000e\000i\000v\000e\000r\000\040\000C\000l\000a\000s\000s\000\040\000R\000e\000f\000e\000r\000e\000n\000c\000e}{chapter.3}% 137
\BOOKMARK [2][-]{subsection.3.30.1}{\376\377\0003\000.\0003\0000\000.\0001\000\040\000D\000e\000t\000a\000i\000l\000e\000d\000\040\000D\000e\000s\000c\000r\000i\000p\000t\000i\000o\000n}{section.3.30}% 138
\BOOKMARK [0][-]{section*.27}{\376\377\000I\000n\000d\000e\000x}{}% 139
